<hazelcast>
	<map name="books"/>
	<map name="players"/>
</hazelcast>